[{"line":8,"elements":[{"start_timestamp":"2022-09-01T13:31:50.564Z","before":[{"result":{"duration":4482000000,"status":"passed"},"match":{"location":"StepDefinitions.Hooks.before()"}}],"line":10,"name":"Login with valid username and password","description":"","id":"login-functionality;login-with-valid-username-and-password","after":[{"result":{"status":"passed"},"match":{"location":"StepDefinitions.Hooks.after(io.cucumber.java.Scenario)"}}],"type":"scenario","keyword":"Scenario","steps":[{"result":{"duration":1953000000,"status":"passed"},"line":12,"name":"Navigate to basqar","match":{"location":"StepDefinitions._01_LoginSteps.navigateToBasqar()"},"keyword":"Given "},{"result":{"duration":4681000000,"status":"passed"},"line":13,"name":"Enter username and password and click login button","match":{"location":"StepDefinitions._01_LoginSteps.enterUsernameAndPasswordAndClickLoginButton()"},"keyword":"When "},{"result":{"duration":2355000000,"status":"passed"},"line":14,"name":"User should login successfuly","match":{"location":"StepDefinitions._01_LoginSteps.userShouldLoginSuccessfuly()"},"keyword":"Then "}],"tags":[{"name":"@Smoketest"},{"name":"@Regression"}]}],"name":"Login Functionality","description":"","id":"login-functionality","keyword":"Feature","uri":"file:src/test/java/FeatureFiles/_01_Login.feature","tags":[]},{"line":1,"elements":[{"line":3,"name":"","description":"","type":"background","keyword":"Background","steps":[{"result":{"duration":792000000,"status":"passed"},"line":4,"name":"Navigate to basqar","match":{"location":"StepDefinitions._01_LoginSteps.navigateToBasqar()"},"keyword":"Given "},{"result":{"duration":1316000000,"status":"passed"},"line":5,"name":"Enter username and password and click login button","match":{"location":"StepDefinitions._01_LoginSteps.enterUsernameAndPasswordAndClickLoginButton()"},"keyword":"When "},{"result":{"duration":5621000000,"status":"passed"},"line":6,"name":"User should login successfuly","match":{"location":"StepDefinitions._01_LoginSteps.userShouldLoginSuccessfuly()"},"keyword":"Then "},{"result":{"duration":1410000000,"status":"passed"},"line":7,"name":"Go to country page","match":{"location":"StepDefinitions._02_CountrySteps.goToCountryPage()"},"keyword":"And "}]},{"start_timestamp":"2022-09-01T13:32:04.083Z","before":[{"result":{"duration":7000000,"status":"passed"},"match":{"location":"StepDefinitions.Hooks.before()"}}],"line":10,"name":"Create a country","description":"","id":"country-multi-scenario;create-a-country","after":[{"result":{"duration":1000000,"status":"passed"},"match":{"location":"StepDefinitions.Hooks.after(io.cucumber.java.Scenario)"}}],"type":"scenario","keyword":"Scenario","steps":[{"result":{"duration":2580000000,"status":"passed"},"line":12,"name":"Create a country","match":{"location":"StepDefinitions._02_CountrySteps.createCountry()"},"keyword":"When "},{"result":{"duration":586000000,"status":"passed"},"line":13,"name":"Success message should be displayed","match":{"location":"StepDefinitions._02_CountrySteps.successMessageShouldBeDisplayed()"},"keyword":"Then "}],"tags":[{"name":"@Regression"}]},{"line":3,"name":"","description":"","type":"background","keyword":"Background","steps":[{"result":{"duration":793000000,"status":"passed"},"line":4,"name":"Navigate to basqar","match":{"location":"StepDefinitions._01_LoginSteps.navigateToBasqar()"},"keyword":"Given "},{"result":{"error_message":"org.openqa.selenium.TimeoutException: Expected condition failed: waiting for visibility of Proxy element for: DefaultElementLocator 'By.id: mat-input-0' (tried for 30 second(s) with 500 milliseconds interval)\r\n\tat org.openqa.selenium.support.ui.WebDriverWait.timeoutException(WebDriverWait.java:87)\r\n\tat org.openqa.selenium.support.ui.FluentWait.until(FluentWait.java:231)\r\n\tat Pages.Parent.WaitUntilVisible(Parent.java:41)\r\n\tat Pages.Parent.sendKeysFunction(Parent.java:19)\r\n\tat Pages.DialogContent.findAndSend(DialogContent.java:155)\r\n\tat StepDefinitions._01_LoginSteps.enterUsernameAndPasswordAndClickLoginButton(_01_LoginSteps.java:30)\r\n\tat âœ½.Enter username and password and click login button(file:///C:/Users/OnurPekmezci/IdeaProjects/Cucumber_Kursu3/src/test/java/FeatureFiles/_03_CountryMultipleScenarios.feature:5)\r\nCaused by: org.openqa.selenium.NoSuchElementException: no such element: Unable to locate element: {\"method\":\"css selector\",\"selector\":\"#mat\\-input\\-0\"}\n  (Session info: chrome=104.0.5112.102)\nFor documentation on this error, please visit: https://selenium.dev/exceptions/#no_such_element\nBuild info: version: '4.3.0', revision: 'a4995e2c09*'\nSystem info: host: 'DESKTOP-LHBBFIV', ip: '192.168.3.3', os.name: 'Windows 10', os.arch: 'amd64', os.version: '10.0', java.version: '1.8.0_331'\nDriver info: org.openqa.selenium.chrome.ChromeDriver\nCommand: [80cfe3d93ff48ef04efb678961d11474, findElement {using=id, value=mat-input-0}]\nCapabilities {acceptInsecureCerts: false, browserName: chrome, browserVersion: 104.0.5112.102, chrome: {chromedriverVersion: 104.0.5112.79 (3cf3e8c8a07d..., userDataDir: C:\\Users\\ONURPE~1\\AppData\\L...}, goog:chromeOptions: {debuggerAddress: localhost:63714}, networkConnectionEnabled: false, pageLoadStrategy: normal, platformName: WINDOWS, proxy: Proxy(), se:cdp: ws://localhost:63714/devtoo..., se:cdpVersion: 104.0.5112.102, setWindowRect: true, strictFileInteractability: false, timeouts: {implicit: 0, pageLoad: 300000, script: 30000}, unhandledPromptBehavior: dismiss and notify, webauthn:extension:credBlob: true, webauthn:extension:largeBlob: true, webauthn:virtualAuthenticators: true}\nSession ID: 80cfe3d93ff48ef04efb678961d11474\r\n\tat sun.reflect.GeneratedConstructorAccessor18.newInstance(Unknown Source)\r\n\tat sun.reflect.DelegatingConstructorAccessorImpl.newInstance(DelegatingConstructorAccessorImpl.java:45)\r\n\tat java.lang.reflect.Constructor.newInstance(Constructor.java:423)\r\n\tat org.openqa.selenium.remote.codec.w3c.W3CHttpResponseCodec.createException(W3CHttpResponseCodec.java:200)\r\n\tat org.openqa.selenium.remote.codec.w3c.W3CHttpResponseCodec.decode(W3CHttpResponseCodec.java:133)\r\n\tat org.openqa.selenium.remote.codec.w3c.W3CHttpResponseCodec.decode(W3CHttpResponseCodec.java:53)\r\n\tat org.openqa.selenium.remote.HttpCommandExecutor.execute(HttpCommandExecutor.java:184)\r\n\tat org.openqa.selenium.remote.service.DriverCommandExecutor.invokeExecute(DriverCommandExecutor.java:167)\r\n\tat org.openqa.selenium.remote.service.DriverCommandExecutor.execute(DriverCommandExecutor.java:142)\r\n\tat org.openqa.selenium.remote.RemoteWebDriver.execute(RemoteWebDriver.java:569)\r\n\tat org.openqa.selenium.remote.ElementLocation$ElementFinder$2.findElement(ElementLocation.java:162)\r\n\tat org.openqa.selenium.remote.ElementLocation.findElement(ElementLocation.java:60)\r\n\tat org.openqa.selenium.remote.RemoteWebDriver.findElement(RemoteWebDriver.java:387)\r\n\tat org.openqa.selenium.remote.RemoteWebDriver.findElement(RemoteWebDriver.java:379)\r\n\tat org.openqa.selenium.support.pagefactory.DefaultElementLocator.findElement(DefaultElementLocator.java:70)\r\n\tat org.openqa.selenium.support.pagefactory.internal.LocatingElementHandler.invoke(LocatingElementHandler.java:39)\r\n\tat com.sun.proxy.$Proxy26.isDisplayed(Unknown Source)\r\n\tat org.openqa.selenium.support.ui.ExpectedConditions.elementIfVisible(ExpectedConditions.java:307)\r\n\tat org.openqa.selenium.support.ui.ExpectedConditions.access$000(ExpectedConditions.java:40)\r\n\tat org.openqa.selenium.support.ui.ExpectedConditions$10.apply(ExpectedConditions.java:293)\r\n\tat org.openqa.selenium.support.ui.ExpectedConditions$10.apply(ExpectedConditions.java:290)\r\n\tat org.openqa.selenium.support.ui.FluentWait.until(FluentWait.java:208)\r\n\tat Pages.Parent.WaitUntilVisible(Parent.java:41)\r\n\tat Pages.Parent.sendKeysFunction(Parent.java:19)\r\n\tat Pages.DialogContent.findAndSend(DialogContent.java:155)\r\n\tat StepDefinitions._01_LoginSteps.enterUsernameAndPasswordAndClickLoginButton(_01_LoginSteps.java:30)\r\n\tat sun.reflect.NativeMethodAccessorImpl.invoke0(Native Method)\r\n\tat sun.reflect.NativeMethodAccessorImpl.invoke(NativeMethodAccessorImpl.java:62)\r\n\tat sun.reflect.DelegatingMethodAccessorImpl.invoke(DelegatingMethodAccessorImpl.java:43)\r\n\tat java.lang.reflect.Method.invoke(Method.java:498)\r\n\tat io.cucumber.java.Invoker.doInvoke(Invoker.java:66)\r\n\tat io.cucumber.java.Invoker.invoke(Invoker.java:24)\r\n\tat io.cucumber.java.AbstractGlueDefinition.invokeMethod(AbstractGlueDefinition.java:47)\r\n\tat io.cucumber.java.JavaStepDefinition.execute(JavaStepDefinition.java:29)\r\n\tat io.cucumber.core.runner.CoreStepDefinition.execute(CoreStepDefinition.java:66)\r\n\tat io.cucumber.core.runner.PickleStepDefinitionMatch.runStep(PickleStepDefinitionMatch.java:63)\r\n\tat io.cucumber.core.runner.ExecutionMode$1.execute(ExecutionMode.java:10)\r\n\tat io.cucumber.core.runner.TestStep.executeStep(TestStep.java:85)\r\n\tat io.cucumber.core.runner.TestStep.run(TestStep.java:57)\r\n\tat io.cucumber.core.runner.PickleStepTestStep.run(PickleStepTestStep.java:51)\r\n\tat io.cucumber.core.runner.TestCase.run(TestCase.java:84)\r\n\tat io.cucumber.core.runner.Runner.runPickle(Runner.java:75)\r\n\tat io.cucumber.testng.TestNGCucumberRunner.lambda$runScenario$1(TestNGCucumberRunner.java:132)\r\n\tat io.cucumber.core.runtime.CucumberExecutionContext.lambda$runTestCase$5(CucumberExecutionContext.java:129)\r\n\tat io.cucumber.core.runtime.RethrowingThrowableCollector.executeAndThrow(RethrowingThrowableCollector.java:23)\r\n\tat io.cucumber.core.runtime.CucumberExecutionContext.runTestCase(CucumberExecutionContext.java:129)\r\n\tat io.cucumber.testng.TestNGCucumberRunner.runScenario(TestNGCucumberRunner.java:129)\r\n\tat io.cucumber.testng.AbstractTestNGCucumberTests.runScenario(AbstractTestNGCucumberTests.java:35)\r\n\tat sun.reflect.NativeMethodAccessorImpl.invoke0(Native Method)\r\n\tat sun.reflect.NativeMethodAccessorImpl.invoke(NativeMethodAccessorImpl.java:62)\r\n\tat sun.reflect.DelegatingMethodAccessorImpl.invoke(DelegatingMethodAccessorImpl.java:43)\r\n\tat java.lang.reflect.Method.invoke(Method.java:498)\r\n\tat org.testng.internal.MethodInvocationHelper.invokeMethod(MethodInvocationHelper.java:84)\r\n\tat org.testng.internal.Invoker.invokeMethod(Invoker.java:714)\r\n\tat org.testng.internal.Invoker.invokeTestMethod(Invoker.java:901)\r\n\tat org.testng.internal.Invoker.invokeTestMethods(Invoker.java:1231)\r\n\tat org.testng.internal.TestMethodWorker.invokeTestMethods(TestMethodWorker.java:127)\r\n\tat org.testng.internal.TestMethodWorker.run(TestMethodWorker.java:111)\r\n\tat org.testng.TestRunner.privateRun(TestRunner.java:767)\r\n\tat org.testng.TestRunner.run(TestRunner.java:617)\r\n\tat org.testng.SuiteRunner.runTest(SuiteRunner.java:334)\r\n\tat org.testng.SuiteRunner.access$000(SuiteRunner.java:37)\r\n\tat org.testng.SuiteRunner$SuiteWorker.run(SuiteRunner.java:368)\r\n\tat org.testng.internal.thread.ThreadUtil$2.call(ThreadUtil.java:64)\r\n\tat java.util.concurrent.FutureTask.run(FutureTask.java:266)\r\n\tat java.util.concurrent.ThreadPoolExecutor.runWorker(ThreadPoolExecutor.java:1149)\r\n\tat java.util.concurrent.ThreadPoolExecutor$Worker.run(ThreadPoolExecutor.java:624)\r\n\tat java.lang.Thread.run(Thread.java:750)\r\n","duration":30063000000,"status":"failed"},"line":5,"name":"Enter username and password and click login button","match":{"location":"StepDefinitions._01_LoginSteps.enterUsernameAndPasswordAndClickLoginButton()"},"keyword":"When "},{"result":{"status":"skipped"},"line":6,"name":"User should login successfuly","match":{"location":"StepDefinitions._01_LoginSteps.userShouldLoginSuccessfuly()"},"keyword":"Then "},{"result":{"status":"skipped"},"line":7,"name":"Go to country page","match":{"location":"StepDefinitions._02_CountrySteps.goToCountryPage()"},"keyword":"And "}]},{"start_timestamp":"2022-09-01T13:32:16.417Z","before":[{"result":{"duration":2000000,"status":"passed"},"match":{"location":"StepDefinitions.Hooks.before()"}}],"line":15,"name":"Create a country parameter data","description":"","id":"country-multi-scenario;create-a-country-parameter-data","after":[{"result":{"duration":2922000000,"status":"passed"},"match":{"location":"StepDefinitions.Hooks.after(io.cucumber.java.Scenario)"}}],"type":"scenario","keyword":"Scenario","steps":[{"result":{"status":"skipped"},"line":17,"name":"Create a country name as \"OnurYeni12\" code as \"Onurcode12\"","match":{"arguments":[{"val":"\"OnurYeni12\"","offset":25},{"val":"\"Onurcode12\"","offset":46}],"location":"StepDefinitions._02_CountrySteps.createACountryNameAsCodeAs(java.lang.String,java.lang.String)"},"keyword":"When "},{"result":{"status":"skipped"},"line":18,"name":"Success message should be displayed","match":{"location":"StepDefinitions._02_CountrySteps.successMessageShouldBeDisplayed()"},"keyword":"Then "}],"tags":[{"name":"@Regression"}]}],"name":"Country Multi Scenario","description":"","id":"country-multi-scenario","keyword":"Feature","uri":"file:src/test/java/FeatureFiles/_03_CountryMultipleScenarios.feature","tags":[]}]